<?xml version="1.0" encoding="UTF-8"?>
<!-- Generated by org.testng.reporters.JUnitReportReporter -->
<testsuite skipped="0" hostname="soumyavaio" name="maven_selenium_project.CheckBrokenLink" tests="1" failures="0" timestamp="28 Apr 2018 12:53:20 GMT" time="53.639" errors="0">
  <testcase name="checkBrokenLinkTest" time="53.639" classname="maven_selenium_project.CheckBrokenLink"/>
</testsuite> <!-- maven_selenium_project.CheckBrokenLink -->
