<?xml version="1.0" encoding="UTF-8"?>
<!-- Generated by org.testng.reporters.JUnitReportReporter -->
<testsuite skipped="0" hostname="soumyavaio" name="maven_selenium_project.IrctcTest" tests="1" failures="0" timestamp="28 Apr 2018 11:51:13 GMT" time="21.014" errors="0">
  <testcase name="newTab" time="21.014" classname="maven_selenium_project.IrctcTest"/>
</testsuite> <!-- maven_selenium_project.IrctcTest -->
