<?xml version="1.0" encoding="UTF-8"?>
<!-- Generated by org.testng.reporters.JUnitReportReporter -->
<testsuite skipped="0" hostname="soumyavaio" name="restassured.Post_Delete_PutTest" tests="4" failures="0" timestamp="28 Apr 2018 10:25:57 GMT" time="2.934" errors="0">
  <testcase name="deleteTest" time="1.955" classname="restassured.Post_Delete_PutTest"/>
  <testcase name="postTest" time="0.114" classname="restassured.Post_Delete_PutTest"/>
  <testcase name="putTest" time="0.042" classname="restassured.Post_Delete_PutTest"/>
  <testcase name="getTest" time="0.823" classname="restassured.Post_Delete_PutTest"/>
</testsuite> <!-- restassured.Post_Delete_PutTest -->
