<?xml version="1.0" encoding="UTF-8"?>
<!-- Generated by org.testng.reporters.JUnitReportReporter -->
<testsuite skipped="0" hostname="soumyavaio" name="restassured.ApiTest" tests="2" failures="0" timestamp="28 Apr 2018 09:35:29 GMT" time="5.034" errors="0">
  <testcase name="apiRespo" time="4.385" classname="restassured.ApiTest"/>
  <testcase name="apiResponse" time="0.649" classname="restassured.ApiTest"/>
</testsuite> <!-- restassured.ApiTest -->
