<?xml version="1.0" encoding="UTF-8"?>
<!-- Generated by org.testng.reporters.JUnitReportReporter -->
<testsuite skipped="0" hostname="soumyavaio" name="testscript.VanillaMaster" tests="17" failures="0" timestamp="01 Apr 2018 02:38:32 GMT" time="4.409" errors="0">
  <testcase name="onlynumber" time="0.144" classname="testscript.VanillaMaster"/>
  <testcase name="zerocent" time="0.116" classname="testscript.VanillaMaster"/>
  <testcase name="zerocent" time="0.618" classname="testscript.VanillaMaster"/>
  <testcase name="onlynumber" time="0.206" classname="testscript.VanillaMaster"/>
  <testcase name="phone" time="0.133" classname="testscript.VanillaMaster"/>
  <testcase name="zerocent" time="0.114" classname="testscript.VanillaMaster"/>
  <testcase name="onlynumber" time="0.134" classname="testscript.VanillaMaster"/>
  <testcase name="zerocent" time="0.139" classname="testscript.VanillaMaster"/>
  <testcase name="phone" time="0.147" classname="testscript.VanillaMaster"/>
  <testcase name="zerocent" time="0.120" classname="testscript.VanillaMaster"/>
  <testcase name="zerocent" time="0.109" classname="testscript.VanillaMaster"/>
  <testcase name="zerocent" time="0.123" classname="testscript.VanillaMaster"/>
  <testcase name="onlynumber" time="0.167" classname="testscript.VanillaMaster"/>
  <testcase name="phone" time="0.135" classname="testscript.VanillaMaster"/>
  <testcase name="onlynumber" time="1.717" classname="testscript.VanillaMaster"/>
  <testcase name="phone" time="0.167" classname="testscript.VanillaMaster"/>
  <testcase name="zerocent" time="0.120" classname="testscript.VanillaMaster"/>
</testsuite> <!-- testscript.VanillaMaster -->
